[35m[1mConsolidate compiler generated dependencies of target wifi_map_node[0m
[ 50%] [32mBuilding CXX object CMakeFiles/wifi_map_node.dir/src/wifi_map_node.cpp.o[0m
[01m[K/home/GTL/mgaddam/CS7630/ros2_ws/src/wifi_map_base/src/wifi_map_node.cpp:[m[K In member function â€˜[01m[Kvoid WifiMapNode::wifi_callback(wpa_cli_msgs::msg::Scan_<std::allocator<void> >::SharedPtr)[m[Kâ€™:
[01m[K/home/GTL/mgaddam/CS7630/ros2_ws/src/wifi_map_base/src/wifi_map_node.cpp:170:25:[m[K [01;31m[Kerror: [m[Kâ€˜[01m[Kog[m[Kâ€™ was not declared in this scope; did you mean â€˜[01m[Kog_[m[Kâ€™?
  170 |                         [01;31m[Kog[m[K(j, i) = static_cast<uint8_t>(std::min(100.0f, val));
      |                         [01;31m[K^~[m[K
      |                         [32m[Kog_[m[K
[01m[K/home/GTL/mgaddam/CS7630/ros2_ws/src/wifi_map_base/src/wifi_map_node.cpp:154:17:[m[K [01;35m[Kwarning: [m[Kunused variable â€˜[01m[Kog_min[m[Kâ€™ [[01;35m[K]8;;https://gcc.gnu.org/onlinedocs/gcc/Warning-Options.html#index-Wunused-variable-Wunused-variable]8;;[m[K]
  154 |             int [01;35m[Kog_min[m[K=255, og_max=0;
      |                 [01;35m[K^~~~~~[m[K
[01m[K/home/GTL/mgaddam/CS7630/ros2_ws/src/wifi_map_base/src/wifi_map_node.cpp:154:29:[m[K [01;35m[Kwarning: [m[Kunused variable â€˜[01m[Kog_max[m[Kâ€™ [[01;35m[K]8;;https://gcc.gnu.org/onlinedocs/gcc/Warning-Options.html#index-Wunused-variable-Wunused-variable]8;;[m[K]
  154 |             int og_min=255, [01;35m[Kog_max[m[K=0;
      |                             [01;35m[K^~~~~~[m[K
gmake[2]: *** [CMakeFiles/wifi_map_node.dir/build.make:76: CMakeFiles/wifi_map_node.dir/src/wifi_map_node.cpp.o] Error 1
gmake[1]: *** [CMakeFiles/Makefile2:137: CMakeFiles/wifi_map_node.dir/all] Error 2
gmake: *** [Makefile:146: all] Error 2
