[1.299s] Invoking command in '/home/GTL/mgaddam/CS7630/ros2_ws/build/wifi_map_base': CMAKE_PREFIX_PATH=/home/GTL/mgaddam/CS7630/ros2_ws/install/wpa_cli_msgs:/home/GTL/mgaddam/CS7630/ros2_ws/install/wifi_map_base:/home/GTL/mgaddam/CS7630/ros2_ws/install/vrep4_helpers:/home/GTL/mgaddam/CS7630/ros2_ws/install/turtlebot_launch:/home/GTL/mgaddam/CS7630/ros2_ws/install/task_manager_sync:/home/GTL/mgaddam/CS7630/ros2_ws/install/floor_nav:/home/GTL/mgaddam/CS7630/ros2_ws/install/task_manager_nav2:/home/GTL/mgaddam/CS7630/ros2_ws/install/task_manager_lib:/home/GTL/mgaddam/CS7630/ros2_ws/install/task_manager_msgs:/home/GTL/mgaddam/CS7630/ros2_ws/install/cs7630_msgs:/home/GTL/mgaddam/CS7630/ros2_ws/install/collision_avoidance_base:/home/GTL/mgaddam/CS7630/ros2_ws/install/wpa_cli:/home/GTL/mgaddam/CS7630/ros2_ws/install/vrep_ros_teleop:/home/GTL/mgaddam/CS7630/ros2_ws/install/task_manager_client_py:/home/GTL/mgaddam/CS7630/ros2_ws/install/ar_slam_base:/home/GTL/mgaddam/CS7630/ros2_ws/install/ar_loc_base:/home/GTL/mgaddam/CS7630/ros2_ws/install/rover_driver_base:/home/GTL/mgaddam/CS7630/ros2_ws/install/keyboard_teleop:/home/GTL/mgaddam/CS7630/ros2_ws/install/face_detect_base:/home/GTL/mgaddam/CS7630/ros2_ws/install/button_server:/home/GTL/mgaddam/CS7630/ros2_ws/install/ar_mapping_base:/opt/ros/humble /usr/bin/cmake --build /home/GTL/mgaddam/CS7630/ros2_ws/build/wifi_map_base -- -j16 -l16
[1.342s] [35m[1mConsolidate compiler generated dependencies of target wifi_map_node[0m
[1.379s] [ 50%] [32mBuilding CXX object CMakeFiles/wifi_map_node.dir/src/wifi_map_node.cpp.o[0m
[3.588s] [01m[K/home/GTL/mgaddam/CS7630/ros2_ws/src/wifi_map_base/src/wifi_map_node.cpp:[m[K In member function â€˜[01m[Kvoid WifiMapNode::wifi_callback(wpa_cli_msgs::msg::Scan_<std::allocator<void> >::SharedPtr)[m[Kâ€™:
[3.588s] [01m[K/home/GTL/mgaddam/CS7630/ros2_ws/src/wifi_map_base/src/wifi_map_node.cpp:170:25:[m[K [01;31m[Kerror: [m[Kâ€˜[01m[Kog[m[Kâ€™ was not declared in this scope; did you mean â€˜[01m[Kog_[m[Kâ€™?
[3.588s]   170 |                         [01;31m[Kog[m[K(j, i) = static_cast<uint8_t>(std::min(100.0f, val));
[3.588s]       |                         [01;31m[K^~[m[K
[3.588s]       |                         [32m[Kog_[m[K
[3.588s] [01m[K/home/GTL/mgaddam/CS7630/ros2_ws/src/wifi_map_base/src/wifi_map_node.cpp:154:17:[m[K [01;35m[Kwarning: [m[Kunused variable â€˜[01m[Kog_min[m[Kâ€™ [[01;35m[K]8;;https://gcc.gnu.org/onlinedocs/gcc/Warning-Options.html#index-Wunused-variable-Wunused-variable]8;;[m[K]
[3.588s]   154 |             int [01;35m[Kog_min[m[K=255, og_max=0;
[3.588s]       |                 [01;35m[K^~~~~~[m[K
[3.588s] [01m[K/home/GTL/mgaddam/CS7630/ros2_ws/src/wifi_map_base/src/wifi_map_node.cpp:154:29:[m[K [01;35m[Kwarning: [m[Kunused variable â€˜[01m[Kog_max[m[Kâ€™ [[01;35m[K]8;;https://gcc.gnu.org/onlinedocs/gcc/Warning-Options.html#index-Wunused-variable-Wunused-variable]8;;[m[K]
[3.588s]   154 |             int og_min=255, [01;35m[Kog_max[m[K=0;
[3.588s]       |                             [01;35m[K^~~~~~[m[K
[6.309s] gmake[2]: *** [CMakeFiles/wifi_map_node.dir/build.make:76: CMakeFiles/wifi_map_node.dir/src/wifi_map_node.cpp.o] Error 1
[6.309s] gmake[1]: *** [CMakeFiles/Makefile2:137: CMakeFiles/wifi_map_node.dir/all] Error 2
[6.310s] gmake: *** [Makefile:146: all] Error 2
[6.311s] Invoked command in '/home/GTL/mgaddam/CS7630/ros2_ws/build/wifi_map_base' returned '2': CMAKE_PREFIX_PATH=/home/GTL/mgaddam/CS7630/ros2_ws/install/wpa_cli_msgs:/home/GTL/mgaddam/CS7630/ros2_ws/install/wifi_map_base:/home/GTL/mgaddam/CS7630/ros2_ws/install/vrep4_helpers:/home/GTL/mgaddam/CS7630/ros2_ws/install/turtlebot_launch:/home/GTL/mgaddam/CS7630/ros2_ws/install/task_manager_sync:/home/GTL/mgaddam/CS7630/ros2_ws/install/floor_nav:/home/GTL/mgaddam/CS7630/ros2_ws/install/task_manager_nav2:/home/GTL/mgaddam/CS7630/ros2_ws/install/task_manager_lib:/home/GTL/mgaddam/CS7630/ros2_ws/install/task_manager_msgs:/home/GTL/mgaddam/CS7630/ros2_ws/install/cs7630_msgs:/home/GTL/mgaddam/CS7630/ros2_ws/install/collision_avoidance_base:/home/GTL/mgaddam/CS7630/ros2_ws/install/wpa_cli:/home/GTL/mgaddam/CS7630/ros2_ws/install/vrep_ros_teleop:/home/GTL/mgaddam/CS7630/ros2_ws/install/task_manager_client_py:/home/GTL/mgaddam/CS7630/ros2_ws/install/ar_slam_base:/home/GTL/mgaddam/CS7630/ros2_ws/install/ar_loc_base:/home/GTL/mgaddam/CS7630/ros2_ws/install/rover_driver_base:/home/GTL/mgaddam/CS7630/ros2_ws/install/keyboard_teleop:/home/GTL/mgaddam/CS7630/ros2_ws/install/face_detect_base:/home/GTL/mgaddam/CS7630/ros2_ws/install/button_server:/home/GTL/mgaddam/CS7630/ros2_ws/install/ar_mapping_base:/opt/ros/humble /usr/bin/cmake --build /home/GTL/mgaddam/CS7630/ros2_ws/build/wifi_map_base -- -j16 -l16
